<?xml version="1.0" encoding="UTF-8"?>
<testsuite xmlns:xsi="http://www.w3.org/2001/XMLSchema-instance" xsi:noNamespaceSchemaLocation="https://maven.apache.org/surefire/maven-surefire-plugin/xsd/surefire-test-report-3.0.xsd" version="3.0" name="com.example.LuzesTest" time="0.005" tests="3" errors="0" skipped="0" failures="0">
  <properties>
[...]
</properties>
  <testcase name="deveDiminuirBrilho" classname="com.example.LuzesTest" time="0.002">
    <system-out><![CDATA[[Luzes] Brilho ajustado para 20%.
]]></system-out>
  </testcase>
  <testcase name="ligarTotalRetorna100" classname="com.example.LuzesTest" time="0.0">
    <system-out><![CDATA[[Luzes] Brilho ajustado para 5%.
[Luzes] Ligadas totalmente.
]]></system-out>
  </testcase>
  <testcase name="brilhoInicialCem" classname="com.example.LuzesTest" time="0.002"/>
</testsuite>