<?xml version="1.0" encoding="UTF-8"?>
<testsuite xmlns:xsi="http://www.w3.org/2001/XMLSchema-instance" xsi:noNamespaceSchemaLocation="https://maven.apache.org/surefire/maven-surefire-plugin/xsd/surefire-test-report-3.0.xsd" version="3.0" name="com.example.SistemaDeInternacaoTest" time="0.035" tests="6" errors="0" skipped="0" failures="0">
  <properties>
[...]
</properties>
  <testcase name="altaLiberaLeito" classname="com.example.SistemaDeInternacaoTest" time="0.015">
    <system-out><![CDATA[
=== Iniciando internação: Maria ===
[Cadastro] Paciente registrado: Maria (CPF: 333.333.333-33)
[Triagem] Internação ELETIVA.
[Plano] AMIL: conveniado ✓
[Leito] Leito alocado: APT-1 para CPF 333.333.333-33
[Sistema] Internação efetuada. Leito: APT-1 | Prioridade: ELETIVO | Plano: AMIL

=== Alta médica: CPF 333.333.333-33 ===
[Leito] Leito liberado para CPF 333.333.333-33
]]></system-out>
  </testcase>
  <testcase name="mensagemContemLeito" classname="com.example.SistemaDeInternacaoTest" time="0.001">
    <system-out><![CDATA[
=== Iniciando internação: Carlos ===
[Cadastro] Paciente registrado: Carlos (CPF: 444.444.444-44)
[Triagem] Caso URGENTE.
[Plano] BRADESCO_SAUDE: conveniado ✓
[Leito] Leito alocado: ENF-1 para CPF 444.444.444-44
[Sistema] Internação efetuada. Leito: ENF-1 | Prioridade: URGENTE | Plano: BRADESCO_SAUDE
]]></system-out>
  </testcase>
  <testcase name="infartoGeraEmergencia" classname="com.example.SistemaDeInternacaoTest" time="0.004">
    <system-out><![CDATA[
=== Iniciando internação: Pedro ===
[Cadastro] Paciente registrado: Pedro (CPF: 222.222.222-22)
[Triagem] EMERGÊNCIA detectada.
[Plano] SUL_AMERICA: conveniado ✓
[Leito] Leito alocado: UTI-1 para CPF 222.222.222-22
[Sistema] Internação efetuada. Leito: UTI-1 | Prioridade: EMERGENCIA | Plano: SUL_AMERICA
]]></system-out>
  </testcase>
  <testcase name="cpfVazioFalha" classname="com.example.SistemaDeInternacaoTest" time="0.002">
    <system-out><![CDATA[
=== Iniciando internação: Ana ===
]]></system-out>
  </testcase>
  <testcase name="doisPacientesDiferentes" classname="com.example.SistemaDeInternacaoTest" time="0.003">
    <system-out><![CDATA[
=== Iniciando internação: Alice ===
[Cadastro] Paciente registrado: Alice (CPF: 555.555.555-55)
[Triagem] Caso URGENTE.
[Plano] UNIMED: conveniado ✓
[Leito] Leito alocado: ENF-1 para CPF 555.555.555-55
[Sistema] Internação efetuada. Leito: ENF-1 | Prioridade: URGENTE | Plano: UNIMED

=== Iniciando internação: Bob ===
[Cadastro] Paciente registrado: Bob (CPF: 666.666.666-66)
[Triagem] Internação ELETIVA.
[Plano] AMIL: conveniado ✓
[Leito] Leito alocado: APT-2 para CPF 666.666.666-66
[Sistema] Internação efetuada. Leito: APT-2 | Prioridade: ELETIVO | Plano: AMIL
]]></system-out>
  </testcase>
  <testcase name="internacaoValidaSucesso" classname="com.example.SistemaDeInternacaoTest" time="0.005">
    <system-out><![CDATA[
=== Iniciando internação: João ===
[Cadastro] Paciente registrado: João (CPF: 111.111.111-11)
[Triagem] Caso URGENTE.
[Plano] UNIMED: conveniado ✓
[Leito] Leito alocado: ENF-1 para CPF 111.111.111-11
[Sistema] Internação efetuada. Leito: ENF-1 | Prioridade: URGENTE | Plano: UNIMED
]]></system-out>
  </testcase>
</testsuite>